<?xml version="1.0" encoding="UTF-8"?>
<!-- Generated by org.testng.reporters.JUnitReportReporter -->
<testsuite hostname="LAPTOP-CML1RU84" failures="0" tests="2" name="my_package.My_TestNG" time="14.436" errors="0" timestamp="2021-12-04T20:41:21 IST" skipped="0">
  <testcase classname="my_package.My_TestNG" name="test3" time="2.521"/>
  <system-out/>
  <testcase classname="my_package.My_TestNG" name="test2" time="11.915"/>
  <system-out/>
</testsuite> <!-- my_package.My_TestNG -->
